input_file:ftnn-combined-098573e1f5eee79a0181f8b2b450e087.hdf5    batch_size:50   dev_size:0.05  dropout:0.0  epochs:100  label_smoothing:0.2  layer_sizes:[256,256]    learning_rate:0.001  learning_rate_decay:True     dev:0.9907870292663574  test:0.9911041855812073
input_file:ftnn-combined-098573e1f5eee79a0181f8b2b450e087.hdf5    batch_size:50   dev_size:0.05  dropout:0.0  epochs:42   label_smoothing:0.0  layer_sizes:[512,512]    learning_rate:0.001  learning_rate_decay:True     dev:0.9887499809265137  test:0.9892916679382324
input_file:ftnn-combined-098573e1f5eee79a0181f8b2b450e087.hdf5    batch_size:50   dev_size:0.05  dropout:0.0  epochs:100  label_smoothing:0.2  layer_sizes:[512,512]    learning_rate:0.001  learning_rate_decay:True     dev:0.987500011920929   test:0.9879999756813049
input_file:ftnn-combined-098573e1f5eee79a0181f8b2b450e087.hdf5    batch_size:100  dev_size:0.05  dropout:0.0  epochs:100  label_smoothing:0.2  layer_sizes:[512,512]    learning_rate:0.001  learning_rate_decay:True     dev:0.987407386302948   test:0.9885833263397217
input_file:ftnn-combined-098573e1f5eee79a0181f8b2b450e087.hdf5    batch_size:100  dev_size:0.05  dropout:0.0  epochs:42   label_smoothing:0.2  layer_sizes:[512,512]    learning_rate:0.001  learning_rate_decay:True     dev:0.9865740537643433  test:0.9873958230018616
input_file:ftnn-combined-098573e1f5eee79a0181f8b2b450e087.hdf5    batch_size:100  dev_size:0.05  dropout:0.0  epochs:42   label_smoothing:0.2  layer_sizes:[256,256]    learning_rate:0.001  learning_rate_decay:True     dev:0.9865740537643433  test:0.9866874814033508
input_file:ftnn-combined-098573e1f5eee79a0181f8b2b450e087.hdf5    batch_size:50   dev_size:0.05  dropout:0.0  epochs:42   label_smoothing:0.2  layer_sizes:[512,512]    learning_rate:0.001  learning_rate_decay:True     dev:0.9857407212257385  test:0.9856041669845581
input_file:ftnn-combined-098573e1f5eee79a0181f8b2b450e087.hdf5    batch_size:100  dev_size:0.05  dropout:0.0  epochs:42   label_smoothing:0.0  layer_sizes:[1024,1024]  learning_rate:0.001  learning_rate_decay:True     dev:0.9849537014961243  test:0.9866458177566528
input_file:ftnn-combined-098573e1f5eee79a0181f8b2b450e087.hdf5    batch_size:100  dev_size:0.05  dropout:0.0  epochs:100  label_smoothing:0.2  layer_sizes:[256,256]    learning_rate:0.001  learning_rate_decay:True     dev:0.9848611354827881  test:0.9854999780654907
input_file:ftnn-combined-098573e1f5eee79a0181f8b2b450e087.hdf5    batch_size:50   dev_size:0.05  dropout:0.0  epochs:42   label_smoothing:0.2  layer_sizes:[256,256]    learning_rate:0.001  learning_rate_decay:True     dev:0.9835647940635681  test:0.9856874942779541
input_file:ftnn-combined-098573e1f5eee79a0181f8b2b450e087.hdf5    batch_size:100  dev_size:0.05  dropout:0.0  epochs:42   label_smoothing:0.0  layer_sizes:[512,512]    learning_rate:0.001  learning_rate_decay:True     dev:0.980046272277832   test:0.979770839214325
input_file:ftnn-combined-098573e1f5eee79a0181f8b2b450e087.hdf5    batch_size:50   dev_size:0.05  dropout:0.0  epochs:100  label_smoothing:0.2  layer_sizes:[1024,1024]  learning_rate:0.001  learning_rate_decay:True     dev:0.9785647988319397  test:0.9774166941642761
input_file:ftnn-combined-098573e1f5eee79a0181f8b2b450e087.hdf5    batch_size:50   dev_size:0.05  dropout:0.0  epochs:100  label_smoothing:0.2  layer_sizes:[16384]      learning_rate:0.001  learning_rate_decay:True     dev:0.9771296381950378  test:0.9781458377838135
input_file:ftnn-combined-098573e1f5eee79a0181f8b2b450e087.hdf5    batch_size:100  dev_size:0.05  dropout:0.0  epochs:100  label_smoothing:0.2  layer_sizes:[4096]       learning_rate:0.001  learning_rate_decay:True     dev:0.9735184907913208  test:0.9750208258628845
input_file:ftnn-combined-098573e1f5eee79a0181f8b2b450e087.hdf5    batch_size:50   dev_size:0.05  dropout:0.0  epochs:100  label_smoothing:0.2  layer_sizes:[2048]       learning_rate:0.001  learning_rate_decay:True     dev:0.9725462794303894  test:0.9738541841506958
input_file:ftnn-combined-098573e1f5eee79a0181f8b2b450e087.hdf5    batch_size:100  dev_size:0.05  dropout:0.0  epochs:100  label_smoothing:0.2  layer_sizes:[8192]       learning_rate:0.001  learning_rate_decay:True     dev:0.9711111187934875  test:0.9721249938011169
input_file:ftnn-combined-098573e1f5eee79a0181f8b2b450e087.hdf5    batch_size:100  dev_size:0.05  dropout:0.0  epochs:100  label_smoothing:0.2  layer_sizes:[2048]       learning_rate:0.001  learning_rate_decay:True     dev:0.9708333611488342  test:0.9715625047683716
input_file:ftnn-combined-098573e1f5eee79a0181f8b2b450e087.hdf5    batch_size:100  dev_size:0.05  dropout:0.0  epochs:42   label_smoothing:0.0  layer_sizes:[256,256]    learning_rate:0.001  learning_rate_decay:True     dev:0.9690740704536438  test:0.9694166779518127
input_file:ftnn-combined-098573e1f5eee79a0181f8b2b450e087.hdf5    batch_size:100  dev_size:0.05  dropout:0.0  epochs:100  label_smoothing:0.2  layer_sizes:[1024]       learning_rate:0.001  learning_rate_decay:True     dev:0.9676851630210876  test:0.9683125019073486
input_file:ftnn-combined-098573e1f5eee79a0181f8b2b450e087.hdf5    batch_size:100  dev_size:0.05  dropout:0.0  epochs:42   label_smoothing:0.0  layer_sizes:[512,512]    learning_rate:0.001  learning_rate_decay:False    dev:0.9647685289382935  test:0.9643333554267883
input_file:ftnn-combined-098573e1f5eee79a0181f8b2b450e087.hdf5    batch_size:100  dev_size:0.05  dropout:0.0  epochs:42   label_smoothing:0.2  layer_sizes:[1024,1024]  learning_rate:0.001  learning_rate_decay:True     dev:0.9646296501159668  test:0.9661250114440918
input_file:ftnn-combined-098573e1f5eee79a0181f8b2b450e087.hdf5    batch_size:100  dev_size:0.05  dropout:0.0  epochs:100  label_smoothing:0.2  layer_sizes:[1024,1024]  learning_rate:0.001  learning_rate_decay:True     dev:0.9580555558204651  test:0.9593958258628845
input_file:ftnn-combined-098573e1f5eee79a0181f8b2b450e087.hdf5    batch_size:50   dev_size:0.05  dropout:0.0  epochs:42   label_smoothing:0.2  layer_sizes:[256,256]    learning_rate:0.001  learning_rate_decay:False    dev:0.957453727722168   test:0.9593333601951599
input_file:ftnn-combined-098573e1f5eee79a0181f8b2b450e087.hdf5    batch_size:100  dev_size:0.05  dropout:0.0  epochs:42   label_smoothing:0.0  layer_sizes:[256,256]    learning_rate:0.001  learning_rate_decay:False    dev:0.953425943851471   test:0.9534791707992554
input_file:ftnn-combined-098573e1f5eee79a0181f8b2b450e087.hdf5    batch_size:100  dev_size:0.05  dropout:0.0  epochs:42   label_smoothing:0.2  layer_sizes:[256,256]    learning_rate:0.001  learning_rate_decay:False    dev:0.9498147964477539  test:0.9476249814033508
input_file:ftnn-combined-098573e1f5eee79a0181f8b2b450e087.hdf5    batch_size:50   dev_size:0.05  dropout:0.0  epochs:42   label_smoothing:0.0  layer_sizes:[256,256]    learning_rate:0.001  learning_rate_decay:True     dev:0.9486111402511597  test:0.948354184627533
input_file:ftnn-combined-098573e1f5eee79a0181f8b2b450e087.hdf5    batch_size:100  dev_size:0.05  dropout:0.0  epochs:42   label_smoothing:0.2  layer_sizes:[1024,64]    learning_rate:0.001  learning_rate_decay:False    dev:0.9437500238418579  test:0.9426458477973938
input_file:ftnn-combined-098573e1f5eee79a0181f8b2b450e087.hdf5    batch_size:50   dev_size:0.05  dropout:0.0  epochs:42   label_smoothing:0.2  layer_sizes:[1024,1024]  learning_rate:0.001  learning_rate_decay:True     dev:0.9402315020561218  test:0.9400625228881836
input_file:ftnn-combined-098573e1f5eee79a0181f8b2b450e087.hdf5    batch_size:100  dev_size:0.05  dropout:0.0  epochs:42   label_smoothing:0.2  layer_sizes:[512,64]     learning_rate:0.001  learning_rate_decay:False    dev:0.9359722137451172  test:0.9362708330154419
input_file:ftnn-combined-098573e1f5eee79a0181f8b2b450e087.hdf5    batch_size:100  dev_size:0.05  dropout:0.0  epochs:42   label_smoothing:0.2  layer_sizes:[1024,1024]  learning_rate:0.001  learning_rate_decay:False    dev:0.934675931930542   test:0.9349166750907898
input_file:ftnn-combined-098573e1f5eee79a0181f8b2b450e087.hdf5    batch_size:100  dev_size:0.05  dropout:0.0  epochs:42   label_smoothing:0.0  layer_sizes:[256,64]     learning_rate:0.001  learning_rate_decay:False    dev:0.933472216129303   test:0.9338750243186951
input_file:ftnn-combined-098573e1f5eee79a0181f8b2b450e087.hdf5    batch_size:50   dev_size:0.05  dropout:0.0  epochs:42   label_smoothing:0.0  layer_sizes:[1024,1024]  learning_rate:0.001  learning_rate_decay:True     dev:0.9331944584846497  test:0.9328749775886536
input_file:ftnn-combined-098573e1f5eee79a0181f8b2b450e087.hdf5    batch_size:100  dev_size:0.05  dropout:0.0  epochs:42   label_smoothing:0.0  layer_sizes:[1024,64]    learning_rate:0.001  learning_rate_decay:False    dev:0.9310185313224792  test:0.9316874742507935
input_file:ftnn-combined-098573e1f5eee79a0181f8b2b450e087.hdf5    batch_size:50   dev_size:0.05  dropout:0.0  epochs:100  label_smoothing:0.2  layer_sizes:[4096]       learning_rate:0.001  learning_rate_decay:True     dev:0.9308333396911621  test:0.9303541779518127
input_file:ftnn-combined-098573e1f5eee79a0181f8b2b450e087.hdf5    batch_size:100  dev_size:0.05  dropout:0.0  epochs:42   label_smoothing:0.0  layer_sizes:[1024]       learning_rate:0.001  learning_rate_decay:False    dev:0.9293055534362793  test:0.9286249876022339
input_file:ftnn-combined-098573e1f5eee79a0181f8b2b450e087.hdf5    batch_size:100  dev_size:0.05  dropout:0.0  epochs:42   label_smoothing:0.0  layer_sizes:[1024,1024]  learning_rate:0.001  learning_rate_decay:False    dev:0.929027795791626   test:0.929729163646698
input_file:ftnn-combined-098573e1f5eee79a0181f8b2b450e087.hdf5    batch_size:100  dev_size:0.05  dropout:0.0  epochs:42   label_smoothing:0.2  layer_sizes:[256,64]     learning_rate:0.001  learning_rate_decay:False    dev:0.9283333420753479  test:0.9276041388511658
input_file:ftnn-combined-098573e1f5eee79a0181f8b2b450e087.hdf5    batch_size:50   dev_size:0.05  dropout:0.0  epochs:100  label_smoothing:0.2  layer_sizes:[1024]       learning_rate:0.001  learning_rate_decay:True     dev:0.9282407164573669  test:0.9276875257492065
input_file:ftnn-combined-098573e1f5eee79a0181f8b2b450e087.hdf5    batch_size:100  dev_size:0.05  dropout:0.0  epochs:42   label_smoothing:0.0  layer_sizes:[2048]       learning_rate:0.001  learning_rate_decay:False    dev:0.9274073839187622  test:0.9176250100135803
input_file:ftnn-combined-098573e1f5eee79a0181f8b2b450e087.hdf5    batch_size:100  dev_size:0.05  dropout:0.0  epochs:42   label_smoothing:0.2  layer_sizes:[256]        learning_rate:0.001  learning_rate_decay:False    dev:0.9267592430114746  test:0.9283541440963745
input_file:ftnn-combined-098573e1f5eee79a0181f8b2b450e087.hdf5    batch_size:100  dev_size:0.05  dropout:0.0  epochs:42   label_smoothing:0.2  layer_sizes:[1024]       learning_rate:0.001  learning_rate_decay:False    dev:0.9233796000480652  test:0.9238958358764648
input_file:ftnn-combined-098573e1f5eee79a0181f8b2b450e087.hdf5    batch_size:100  dev_size:0.05  dropout:0.0  epochs:100  label_smoothing:0.2  layer_sizes:[16384]      learning_rate:0.001  learning_rate_decay:True     dev:0.9226388931274414  test:0.9233541488647461
input_file:ftnn-combined-098573e1f5eee79a0181f8b2b450e087.hdf5    batch_size:100  dev_size:0.05  dropout:0.0  epochs:42   label_smoothing:0.2  layer_sizes:[2048]       learning_rate:0.001  learning_rate_decay:False    dev:0.9219907522201538  test:0.92208331823349
input_file:ftnn-combined-098573e1f5eee79a0181f8b2b450e087.hdf5    batch_size:50   dev_size:0.05  dropout:0.0  epochs:42   label_smoothing:0.2  layer_sizes:[512,512]    learning_rate:0.001  learning_rate_decay:False    dev:0.9170833230018616  test:0.9179375171661377
input_file:ftnn-combined-098573e1f5eee79a0181f8b2b450e087.hdf5    batch_size:50   dev_size:0.05  dropout:0.0  epochs:42   label_smoothing:0.2  layer_sizes:[1024,1024]  learning_rate:0.001  learning_rate_decay:False    dev:0.9136574268341064  test:0.91427081823349
input_file:ftnn-combined-098573e1f5eee79a0181f8b2b450e087.hdf5    batch_size:50   dev_size:0.05  dropout:0.0  epochs:100  label_smoothing:0.2  layer_sizes:[8192]       learning_rate:0.001  learning_rate_decay:True     dev:0.9099537134170532  test:0.9099791646003723
input_file:ftnn-combined-098573e1f5eee79a0181f8b2b450e087.hdf5    batch_size:100  dev_size:0.05  dropout:0.0  epochs:42   label_smoothing:0.0  layer_sizes:[256,256]    learning_rate:0.001  learning_rate_decay:False    dev:0.9053241014480591  test:0.9081249833106995
input_file:ftnn-combined-098573e1f5eee79a0181f8b2b450e087.hdf5    batch_size:100  dev_size:0.05  dropout:0.0  epochs:42   label_smoothing:0.0  layer_sizes:[512]        learning_rate:0.001  learning_rate_decay:False    dev:0.9051389098167419  test:0.9068958163261414
input_file:ftnn-combined-098573e1f5eee79a0181f8b2b450e087.hdf5    batch_size:100  dev_size:0.05  dropout:0.0  epochs:42   label_smoothing:0.2  layer_sizes:[512]        learning_rate:0.001  learning_rate_decay:False    dev:0.9027314782142639  test:0.9041875004768372
input_file:ftnn-combined-098573e1f5eee79a0181f8b2b450e087.hdf5    batch_size:100  dev_size:0.05  dropout:0.0  epochs:42   label_smoothing:0.0  layer_sizes:[256]        learning_rate:0.001  learning_rate_decay:False    dev:0.901018500328064   test:0.9033125042915344
input_file:ftnn-combined-098573e1f5eee79a0181f8b2b450e087.hdf5    batch_size:100  dev_size:0.05  dropout:0.0  epochs:42   label_smoothing:0.2  layer_sizes:[256,256]    learning_rate:0.001  learning_rate_decay:False    dev:0.8980555534362793  test:0.8985000252723694
input_file:ftnn-combined-098573e1f5eee79a0181f8b2b450e087.hdf5    batch_size:100  dev_size:0.05  dropout:0.0  epochs:42   label_smoothing:0.2  layer_sizes:[512,512]    learning_rate:0.001  learning_rate_decay:False    dev:0.8972222208976746  test:0.8977291584014893
input_file:ftnn-combined-098573e1f5eee79a0181f8b2b450e087.hdf5    batch_size:50   dev_size:0.05  dropout:0.0  epochs:42   label_smoothing:0.0  layer_sizes:[512,512]    learning_rate:0.001  learning_rate_decay:False    dev:0.8842129707336426  test:0.8835833072662354
input_file:ftnn-combined-098573e1f5eee79a0181f8b2b450e087.hdf5    batch_size:100  dev_size:0.05  dropout:0.5  epochs:42   label_smoothing:0.2  layer_sizes:[1024,64]    learning_rate:0.001  learning_rate_decay:False    dev:0.868148148059845   test:0.8746458292007446
input_file:ftnn-combined-098573e1f5eee79a0181f8b2b450e087.hdf5    batch_size:100  dev_size:0.05  dropout:0.5  epochs:42   label_smoothing:0.2  layer_sizes:[1024]       learning_rate:0.001  learning_rate_decay:False    dev:0.8648611307144165  test:0.8636249899864197
input_file:ftnn-combined-098573e1f5eee79a0181f8b2b450e087.hdf5    batch_size:100  dev_size:0.05  dropout:0.5  epochs:42   label_smoothing:0.2  layer_sizes:[256,64]     learning_rate:0.001  learning_rate_decay:False    dev:0.855046272277832   test:0.8616666793823242
input_file:ftnn-combined-098573e1f5eee79a0181f8b2b450e087.hdf5    batch_size:100  dev_size:0.05  dropout:0.5  epochs:42   label_smoothing:0.2  layer_sizes:[256]        learning_rate:0.001  learning_rate_decay:False    dev:0.8519907593727112  test:0.8527500033378601
input_file:ftnn-combined-098573e1f5eee79a0181f8b2b450e087.hdf5    batch_size:100  dev_size:0.05  dropout:0.5  epochs:42   label_smoothing:0.2  layer_sizes:[256,256]    learning_rate:0.001  learning_rate_decay:False    dev:0.8410184979438782  test:0.856249988079071
input_file:ftnn-combined-098573e1f5eee79a0181f8b2b450e087.hdf5    batch_size:100  dev_size:0.05  dropout:0.5  epochs:42   label_smoothing:0.2  layer_sizes:[512]        learning_rate:0.001  learning_rate_decay:False    dev:0.8400925993919373  test:0.8405625224113464
input_file:ftnn-combined-098573e1f5eee79a0181f8b2b450e087.hdf5    batch_size:100  dev_size:0.05  dropout:0.5  epochs:42   label_smoothing:0.2  layer_sizes:[2048]       learning_rate:0.001  learning_rate_decay:False    dev:0.8247685432434082  test:0.8258958458900452
input_file:ftnn-combined-098573e1f5eee79a0181f8b2b450e087.hdf5    batch_size:50   dev_size:0.05  dropout:0.0  epochs:42   label_smoothing:0.0  layer_sizes:[256,256]    learning_rate:0.001  learning_rate_decay:False    dev:0.7377777695655823  test:0.7381458282470703
input_file:ftnn-combined-098573e1f5eee79a0181f8b2b450e087.hdf5    batch_size:100  dev_size:0.05  dropout:0.5  epochs:42   label_smoothing:0.0  layer_sizes:[512]        learning_rate:0.001  learning_rate_decay:False    dev:0.7348148226737976  test:0.7353749871253967
input_file:ftnn-combined-098573e1f5eee79a0181f8b2b450e087.hdf5    batch_size:100  dev_size:0.05  dropout:0.5  epochs:42   label_smoothing:0.0  layer_sizes:[256,256]    learning_rate:0.001  learning_rate_decay:False    dev:0.7341203689575195  test:0.734416663646698
input_file:ftnn-combined-098573e1f5eee79a0181f8b2b450e087.hdf5    batch_size:100  dev_size:0.05  dropout:0.5  epochs:42   label_smoothing:0.2  layer_sizes:[512,64]     learning_rate:0.001  learning_rate_decay:False    dev:0.7335647940635681  test:0.7343541383743286
input_file:ftnn-combined-098573e1f5eee79a0181f8b2b450e087.hdf5    batch_size:100  dev_size:0.05  dropout:0.5  epochs:42   label_smoothing:0.0  layer_sizes:[1024]       learning_rate:0.001  learning_rate_decay:False    dev:0.7300925850868225  test:0.7305416464805603
input_file:ftnn-combined-098573e1f5eee79a0181f8b2b450e087.hdf5    batch_size:100  dev_size:0.05  dropout:0.5  epochs:42   label_smoothing:0.0  layer_sizes:[2048]       learning_rate:0.001  learning_rate_decay:False    dev:0.7279629707336426  test:0.7285208106040955
input_file:ftnn-combined-098573e1f5eee79a0181f8b2b450e087.hdf5    batch_size:100  dev_size:0.05  dropout:0.5  epochs:42   label_smoothing:0.0  layer_sizes:[256]        learning_rate:0.001  learning_rate_decay:False    dev:0.7202314734458923  test:0.7193124890327454
input_file:ftnn-combined-098573e1f5eee79a0181f8b2b450e087.hdf5    batch_size:100  dev_size:0.05  dropout:0.5  epochs:42   label_smoothing:0.0  layer_sizes:[256,64]     learning_rate:0.001  learning_rate_decay:False    dev:0.7169444561004639  test:0.7170624732971191
input_file:ftnn-combined-098573e1f5eee79a0181f8b2b450e087.hdf5    batch_size:100  dev_size:0.05  dropout:0.5  epochs:42   label_smoothing:0.0  layer_sizes:[1024,64]    learning_rate:0.001  learning_rate_decay:False    dev:0.7141203880310059  test:0.7165208458900452
input_file:ftnn-combined-098573e1f5eee79a0181f8b2b450e087.hdf5    batch_size:50   dev_size:0.05  dropout:0.0  epochs:42   label_smoothing:0.0  layer_sizes:[1024,1024]  learning_rate:0.001  learning_rate_decay:False    dev:0.6939351558685303  test:0.6977083086967468
input_file:ftnn-combined-098573e1f5eee79a0181f8b2b450e087.hdf5    batch_size:100  dev_size:0.05  dropout:0.0  epochs:42   label_smoothing:0.0  layer_sizes:[512,64]     learning_rate:0.001  learning_rate_decay:False    dev:0.6821759343147278  test:0.682729184627533
input_file:ftnn-combined-098573e1f5eee79a0181f8b2b450e087.hdf5    batch_size:100  dev_size:0.05  dropout:0.5  epochs:42   label_smoothing:0.0  layer_sizes:[512,64]     learning_rate:0.001  learning_rate_decay:False    dev:0.6804629564285278  test:0.6804166436195374
