input_file:ftnn-otf-02ebccf01c63fa7af5c271a85ce8f4d8.hdf5    batch_size:50   dev_size:0.05  dropout:0.0  epochs:100  label_smoothing:0.2  layer_sizes:[1024,1024]  learning_rate:0.001  learning_rate_decay:True     dev:0.9922685027122498   test:0.9920416474342346
input_file:ftnn-otf-02ebccf01c63fa7af5c271a85ce8f4d8.hdf5    batch_size:50   dev_size:0.05  dropout:0.0  epochs:100  label_smoothing:0.2  layer_sizes:[256,256]    learning_rate:0.001  learning_rate_decay:True     dev:0.9912499785423279   test:0.9910208582878113
input_file:ftnn-otf-02ebccf01c63fa7af5c271a85ce8f4d8.hdf5    batch_size:100  dev_size:0.05  dropout:0.0  epochs:100  label_smoothing:0.2  layer_sizes:[256,256]    learning_rate:0.001  learning_rate_decay:True     dev:0.9911574125289917   test:0.9909583330154419
input_file:ftnn-otf-02ebccf01c63fa7af5c271a85ce8f4d8.hdf5    batch_size:50   dev_size:0.05  dropout:0.0  epochs:42   label_smoothing:0.2  layer_sizes:[512,512]    learning_rate:0.001  learning_rate_decay:True     dev:0.9908796548843384   test:0.9909374713897705
input_file:ftnn-otf-02ebccf01c63fa7af5c271a85ce8f4d8.hdf5    batch_size:100  dev_size:0.05  dropout:0.0  epochs:100  label_smoothing:0.2  layer_sizes:[1024,1024]  learning_rate:0.001  learning_rate_decay:True     dev:0.9908333420753479   test:0.9906666874885559
input_file:ftnn-otf-02ebccf01c63fa7af5c271a85ce8f4d8.hdf5    batch_size:50   dev_size:0.05  dropout:0.0  epochs:42   label_smoothing:0.2  layer_sizes:[256,256]    learning_rate:0.001  learning_rate_decay:True     dev:0.9906018376350403   test:0.9904999732971191
input_file:ftnn-otf-02ebccf01c63fa7af5c271a85ce8f4d8.hdf5    batch_size:100  dev_size:0.05  dropout:0.0  epochs:100  label_smoothing:0.2  layer_sizes:[512,512]    learning_rate:0.001  learning_rate_decay:True     dev:0.9904629588127136   test:0.9899166822433472
input_file:ftnn-otf-02ebccf01c63fa7af5c271a85ce8f4d8.hdf5    batch_size:100  dev_size:0.05  dropout:0.0  epochs:42   label_smoothing:0.2  layer_sizes:[512,512]    learning_rate:0.001  learning_rate_decay:True     dev:0.9902777671813965   test:0.9898958206176758
input_file:ftnn-otf-02ebccf01c63fa7af5c271a85ce8f4d8.hdf5    batch_size:50   dev_size:0.05  dropout:0.0  epochs:42   label_smoothing:0.2  layer_sizes:[1024,1024]  learning_rate:0.001  learning_rate_decay:True     dev:0.9900000095367432   test:0.9894583225250244
input_file:ftnn-otf-02ebccf01c63fa7af5c271a85ce8f4d8.hdf5    batch_size:50   dev_size:0.05  dropout:0.0  epochs:100  label_smoothing:0.2  layer_sizes:[512,512]    learning_rate:0.001  learning_rate_decay:True     dev:0.9900000095367432   test:0.9894166588783264
input_file:ftnn-otf-02ebccf01c63fa7af5c271a85ce8f4d8.hdf5    batch_size:100  dev_size:0.05  dropout:0.0  epochs:42   label_smoothing:0.2  layer_sizes:[1024,1024]  learning_rate:0.001  learning_rate_decay:True     dev:0.9899536967277527   test:0.9898750185966492
input_file:ftnn-otf-02ebccf01c63fa7af5c271a85ce8f4d8.hdf5    batch_size:50   dev_size:0.05  dropout:0.0  epochs:42   label_smoothing:0.0  layer_sizes:[1024,1024]  learning_rate:0.001  learning_rate_decay:True     dev:0.9893518686294556   test:0.9890416860580444
input_file:ftnn-otf-02ebccf01c63fa7af5c271a85ce8f4d8.hdf5    batch_size:100  dev_size:0.05  dropout:0.0  epochs:42   label_smoothing:0.2  layer_sizes:[256,256]    learning_rate:0.001  learning_rate_decay:True     dev:0.9886574149131775   test:0.9887499809265137
input_file:ftnn-otf-02ebccf01c63fa7af5c271a85ce8f4d8.hdf5    batch_size:100  dev_size:0.05  dropout:0.0  epochs:42   label_smoothing:0.0  layer_sizes:[512,512]    learning_rate:0.001  learning_rate_decay:True     dev:0.9868055582046509   test:0.9861249923706055
input_file:ftnn-otf-02ebccf01c63fa7af5c271a85ce8f4d8.hdf5    batch_size:100  dev_size:0.05  dropout:0.0  epochs:42   label_smoothing:0.0  layer_sizes:[256,256]    learning_rate:0.001  learning_rate_decay:True     dev:0.9862499833106995   test:0.9863749742507935
input_file:ftnn-otf-02ebccf01c63fa7af5c271a85ce8f4d8.hdf5    batch_size:50   dev_size:0.05  dropout:0.0  epochs:42   label_smoothing:0.0  layer_sizes:[512,512]    learning_rate:0.001  learning_rate_decay:True     dev:0.9855555295944214   test:0.9849166870117188
input_file:ftnn-otf-02ebccf01c63fa7af5c271a85ce8f4d8.hdf5    batch_size:50   dev_size:0.05  dropout:0.0  epochs:42   label_smoothing:0.0  layer_sizes:[256,256]    learning_rate:0.001  learning_rate_decay:True     dev:0.9855555295944214   test:0.9851250052452087
input_file:ftnn-otf-02ebccf01c63fa7af5c271a85ce8f4d8.hdf5    batch_size:100  dev_size:0.05  dropout:0.0  epochs:42   label_smoothing:0.0  layer_sizes:[1024,1024]  learning_rate:0.001  learning_rate_decay:True     dev:0.9838426113128662   test:0.9838958382606506
input_file:ftnn-otf-02ebccf01c63fa7af5c271a85ce8f4d8.hdf5    batch_size:50   dev_size:0.05  dropout:0.0  epochs:42   label_smoothing:0.2  layer_sizes:[256,256]    learning_rate:0.001  learning_rate_decay:False    dev:0.9816666841506958   test:0.9808750152587891
input_file:ftnn-otf-02ebccf01c63fa7af5c271a85ce8f4d8.hdf5    batch_size:50   dev_size:0.05  dropout:0.0  epochs:100  label_smoothing:0.2  layer_sizes:[1024]       learning_rate:0.001  learning_rate_decay:True     dev:0.9783796072006226   test:0.9783124923706055
input_file:ftnn-otf-02ebccf01c63fa7af5c271a85ce8f4d8.hdf5    batch_size:100  dev_size:0.05  dropout:0.0  epochs:100  label_smoothing:0.2  layer_sizes:[2048]       learning_rate:0.001  learning_rate_decay:True     dev:0.9779629707336426   test:0.9776874780654907
input_file:ftnn-otf-02ebccf01c63fa7af5c271a85ce8f4d8.hdf5    batch_size:50   dev_size:0.05  dropout:0.0  epochs:100  label_smoothing:0.2  layer_sizes:[4096]       learning_rate:0.001  learning_rate_decay:True     dev:0.9776389002799988   test:0.9779791831970215
input_file:ftnn-otf-02ebccf01c63fa7af5c271a85ce8f4d8.hdf5    batch_size:50   dev_size:0.05  dropout:0.0  epochs:42   label_smoothing:0.0  layer_sizes:[1024,1024]  learning_rate:0.001  learning_rate_decay:False    dev:0.9769444465637207   test:0.97677081823349
input_file:ftnn-otf-02ebccf01c63fa7af5c271a85ce8f4d8.hdf5    batch_size:100  dev_size:0.05  dropout:0.0  epochs:100  label_smoothing:0.2  layer_sizes:[1024]       learning_rate:0.001  learning_rate_decay:True     dev:0.9769444465637207   test:0.9764583110809326
input_file:ftnn-otf-02ebccf01c63fa7af5c271a85ce8f4d8.hdf5    batch_size:50   dev_size:0.05  dropout:0.0  epochs:100  label_smoothing:0.2  layer_sizes:[16384]      learning_rate:0.001  learning_rate_decay:True     dev:0.9761574268341064   test:0.9764999747276306
input_file:ftnn-otf-02ebccf01c63fa7af5c271a85ce8f4d8.hdf5    batch_size:100  dev_size:0.05  dropout:0.0  epochs:100  label_smoothing:0.2  layer_sizes:[16384]      learning_rate:0.001  learning_rate_decay:True     dev:0.9757870435714722   test:0.9756458401679993
input_file:ftnn-otf-02ebccf01c63fa7af5c271a85ce8f4d8.hdf5    batch_size:100  dev_size:0.05  dropout:0.0  epochs:42   label_smoothing:0.2  layer_sizes:[1024,64]    learning_rate:0.001  learning_rate_decay:False    dev:0.9756481647491455   test:0.9743333458900452
input_file:ftnn-otf-02ebccf01c63fa7af5c271a85ce8f4d8.hdf5    batch_size:100  dev_size:0.05  dropout:0.0  epochs:100  label_smoothing:0.2  layer_sizes:[8192]       learning_rate:0.001  learning_rate_decay:True     dev:0.9751851558685303   test:0.9746875166893005
input_file:ftnn-otf-02ebccf01c63fa7af5c271a85ce8f4d8.hdf5    batch_size:100  dev_size:0.05  dropout:0.0  epochs:42   label_smoothing:0.2  layer_sizes:[256,64]     learning_rate:0.001  learning_rate_decay:False    dev:0.9745833277702332   test:0.9754999876022339
input_file:ftnn-otf-02ebccf01c63fa7af5c271a85ce8f4d8.hdf5    batch_size:100  dev_size:0.05  dropout:0.0  epochs:100  label_smoothing:0.2  layer_sizes:[4096]       learning_rate:0.001  learning_rate_decay:True     dev:0.9743518233299255   test:0.9744583368301392
input_file:ftnn-otf-02ebccf01c63fa7af5c271a85ce8f4d8.hdf5    batch_size:50   dev_size:0.05  dropout:0.0  epochs:42   label_smoothing:0.2  layer_sizes:[512,512]    learning_rate:0.001  learning_rate_decay:False    dev:0.9742592573165894   test:0.973479151725769
input_file:ftnn-otf-02ebccf01c63fa7af5c271a85ce8f4d8.hdf5    batch_size:100  dev_size:0.05  dropout:0.0  epochs:42   label_smoothing:0.2  layer_sizes:[512,512]    learning_rate:0.001  learning_rate_decay:False    dev:0.9741203784942627   test:0.9739583134651184
input_file:ftnn-otf-02ebccf01c63fa7af5c271a85ce8f4d8.hdf5    batch_size:50   dev_size:0.05  dropout:0.0  epochs:100  label_smoothing:0.2  layer_sizes:[8192]       learning_rate:0.001  learning_rate_decay:True     dev:0.9740740656852722   test:0.9744166731834412
input_file:ftnn-otf-02ebccf01c63fa7af5c271a85ce8f4d8.hdf5    batch_size:50   dev_size:0.05  dropout:0.0  epochs:100  label_smoothing:0.2  layer_sizes:[2048]       learning_rate:0.001  learning_rate_decay:True     dev:0.9712036848068237   test:0.9707916378974915
input_file:ftnn-otf-02ebccf01c63fa7af5c271a85ce8f4d8.hdf5    batch_size:100  dev_size:0.05  dropout:0.0  epochs:42   label_smoothing:0.2  layer_sizes:[256,256]    learning_rate:0.001  learning_rate_decay:False    dev:0.9704166650772095   test:0.9708750247955322
input_file:ftnn-otf-02ebccf01c63fa7af5c271a85ce8f4d8.hdf5    batch_size:100  dev_size:0.05  dropout:0.0  epochs:42   label_smoothing:0.0  layer_sizes:[1024]       learning_rate:0.001  learning_rate_decay:False    dev:0.9702777862548828   test:0.9708333611488342
input_file:ftnn-otf-02ebccf01c63fa7af5c271a85ce8f4d8.hdf5    batch_size:100  dev_size:0.05  dropout:0.0  epochs:42   label_smoothing:0.0  layer_sizes:[512,64]     learning_rate:0.001  learning_rate_decay:False    dev:0.9685184955596924   test:0.9700416922569275
input_file:ftnn-otf-02ebccf01c63fa7af5c271a85ce8f4d8.hdf5    batch_size:100  dev_size:0.05  dropout:0.0  epochs:42   label_smoothing:0.0  layer_sizes:[512,512]    learning_rate:0.001  learning_rate_decay:False    dev:0.9681018590927124   test:0.968708336353302
input_file:ftnn-otf-02ebccf01c63fa7af5c271a85ce8f4d8.hdf5    batch_size:100  dev_size:0.05  dropout:0.0  epochs:42   label_smoothing:0.0  layer_sizes:[256,256]    learning_rate:0.001  learning_rate_decay:False    dev:0.9680092334747314   test:0.9682708382606506
input_file:ftnn-otf-02ebccf01c63fa7af5c271a85ce8f4d8.hdf5    batch_size:50   dev_size:0.05  dropout:0.0  epochs:42   label_smoothing:0.2  layer_sizes:[1024,1024]  learning_rate:0.001  learning_rate_decay:False    dev:0.9656018614768982   test:0.9643333554267883
input_file:ftnn-otf-02ebccf01c63fa7af5c271a85ce8f4d8.hdf5    batch_size:100  dev_size:0.05  dropout:0.0  epochs:42   label_smoothing:0.2  layer_sizes:[1024]       learning_rate:0.001  learning_rate_decay:False    dev:0.9622222185134888   test:0.9617083072662354
input_file:ftnn-otf-02ebccf01c63fa7af5c271a85ce8f4d8.hdf5    batch_size:100  dev_size:0.05  dropout:0.0  epochs:42   label_smoothing:0.2  layer_sizes:[2048]       learning_rate:0.001  learning_rate_decay:False    dev:0.9606018662452698   test:0.9603541493415833
input_file:ftnn-otf-02ebccf01c63fa7af5c271a85ce8f4d8.hdf5    batch_size:100  dev_size:0.05  dropout:0.0  epochs:42   label_smoothing:0.0  layer_sizes:[256,256]    learning_rate:0.001  learning_rate_decay:False    dev:0.9603240489959717   test:0.9600625038146973
input_file:ftnn-otf-02ebccf01c63fa7af5c271a85ce8f4d8.hdf5    batch_size:100  dev_size:0.05  dropout:0.0  epochs:42   label_smoothing:0.0  layer_sizes:[256,64]     learning_rate:0.001  learning_rate_decay:False    dev:0.9599999785423279   test:0.9596666693687439
input_file:ftnn-otf-02ebccf01c63fa7af5c271a85ce8f4d8.hdf5    batch_size:100  dev_size:0.05  dropout:0.5  epochs:42   label_smoothing:0.2  layer_sizes:[1024,64]    learning_rate:0.001  learning_rate_decay:False    dev:0.9576851725578308   test:0.9589166641235352
input_file:ftnn-otf-02ebccf01c63fa7af5c271a85ce8f4d8.hdf5    batch_size:100  dev_size:0.05  dropout:0.0  epochs:42   label_smoothing:0.2  layer_sizes:[512]        learning_rate:0.001  learning_rate_decay:False    dev:0.957453727722168    test:0.9569791555404663
input_file:ftnn-otf-02ebccf01c63fa7af5c271a85ce8f4d8.hdf5    batch_size:100  dev_size:0.05  dropout:0.0  epochs:42   label_smoothing:0.2  layer_sizes:[256]        learning_rate:0.001  learning_rate_decay:False    dev:0.9568518400192261   test:0.9574166536331177
input_file:ftnn-otf-02ebccf01c63fa7af5c271a85ce8f4d8.hdf5    batch_size:100  dev_size:0.05  dropout:0.0  epochs:42   label_smoothing:0.2  layer_sizes:[1024,1024]  learning_rate:0.001  learning_rate_decay:False    dev:0.9550462961196899   test:0.9552708268165588
input_file:ftnn-otf-02ebccf01c63fa7af5c271a85ce8f4d8.hdf5    batch_size:100  dev_size:0.05  dropout:0.0  epochs:42   label_smoothing:0.2  layer_sizes:[256,256]    learning_rate:0.001  learning_rate_decay:False    dev:0.9543981552124023   test:0.95333331823349
input_file:ftnn-otf-02ebccf01c63fa7af5c271a85ce8f4d8.hdf5    batch_size:50   dev_size:0.05  dropout:0.0  epochs:42   label_smoothing:0.0  layer_sizes:[256,256]    learning_rate:0.001  learning_rate_decay:False    dev:0.9526388645172119   test:0.952875018119812
input_file:ftnn-otf-02ebccf01c63fa7af5c271a85ce8f4d8.hdf5    batch_size:100  dev_size:0.05  dropout:0.0  epochs:42   label_smoothing:0.0  layer_sizes:[2048]       learning_rate:0.001  learning_rate_decay:False    dev:0.9517592787742615   test:0.9511250257492065
input_file:ftnn-otf-02ebccf01c63fa7af5c271a85ce8f4d8.hdf5    batch_size:100  dev_size:0.05  dropout:0.0  epochs:42   label_smoothing:0.0  layer_sizes:[256]        learning_rate:0.001  learning_rate_decay:False    dev:0.9501388669013977   test:0.9484999775886536
input_file:ftnn-otf-02ebccf01c63fa7af5c271a85ce8f4d8.hdf5    batch_size:100  dev_size:0.05  dropout:0.5  epochs:42   label_smoothing:0.0  layer_sizes:[256,64]     learning_rate:0.001  learning_rate_decay:False    dev:0.948379635810852    test:0.9470000267028809
input_file:ftnn-otf-02ebccf01c63fa7af5c271a85ce8f4d8.hdf5    batch_size:50   dev_size:0.05  dropout:0.0  epochs:42   label_smoothing:0.0  layer_sizes:[512,512]    learning_rate:0.001  learning_rate_decay:False    dev:0.9481018781661987   test:0.9492291808128357
input_file:ftnn-otf-02ebccf01c63fa7af5c271a85ce8f4d8.hdf5    batch_size:100  dev_size:0.05  dropout:0.5  epochs:42   label_smoothing:0.0  layer_sizes:[2048]       learning_rate:0.001  learning_rate_decay:False    dev:0.946064829826355    test:0.9462083578109741
input_file:ftnn-otf-02ebccf01c63fa7af5c271a85ce8f4d8.hdf5    batch_size:100  dev_size:0.05  dropout:0.5  epochs:42   label_smoothing:0.0  layer_sizes:[512]        learning_rate:0.001  learning_rate_decay:False    dev:0.9424536824226379   test:0.9416458606719971
input_file:ftnn-otf-02ebccf01c63fa7af5c271a85ce8f4d8.hdf5    batch_size:100  dev_size:0.05  dropout:0.0  epochs:42   label_smoothing:0.0  layer_sizes:[512]        learning_rate:0.001  learning_rate_decay:False    dev:0.941527783870697    test:0.9412291646003723
input_file:ftnn-otf-02ebccf01c63fa7af5c271a85ce8f4d8.hdf5    batch_size:100  dev_size:0.05  dropout:0.5  epochs:42   label_smoothing:0.0  layer_sizes:[512,64]     learning_rate:0.001  learning_rate_decay:False    dev:0.9395833611488342   test:0.9395624995231628
input_file:ftnn-otf-02ebccf01c63fa7af5c271a85ce8f4d8.hdf5    batch_size:100  dev_size:0.05  dropout:0.5  epochs:42   label_smoothing:0.0  layer_sizes:[1024,64]    learning_rate:0.001  learning_rate_decay:False    dev:0.9333333373069763   test:0.9360625147819519
input_file:ftnn-otf-02ebccf01c63fa7af5c271a85ce8f4d8.hdf5    batch_size:100  dev_size:0.05  dropout:0.5  epochs:42   label_smoothing:0.0  layer_sizes:[1024]       learning_rate:0.001  learning_rate_decay:False    dev:0.9281944632530212   test:0.9279375076293945
input_file:ftnn-otf-02ebccf01c63fa7af5c271a85ce8f4d8.hdf5    batch_size:100  dev_size:0.05  dropout:0.5  epochs:42   label_smoothing:0.2  layer_sizes:[256]        learning_rate:0.001  learning_rate_decay:False    dev:0.9239814877510071   test:0.9240208268165588
input_file:ftnn-otf-02ebccf01c63fa7af5c271a85ce8f4d8.hdf5    batch_size:100  dev_size:0.05  dropout:0.5  epochs:42   label_smoothing:0.2  layer_sizes:[2048]       learning_rate:0.001  learning_rate_decay:False    dev:0.9232407212257385   test:0.9244583249092102
input_file:ftnn-otf-02ebccf01c63fa7af5c271a85ce8f4d8.hdf5    batch_size:100  dev_size:0.05  dropout:0.5  epochs:42   label_smoothing:0.2  layer_sizes:[512]        learning_rate:0.001  learning_rate_decay:False    dev:0.9195833206176758   test:0.9201250076293945
input_file:ftnn-otf-02ebccf01c63fa7af5c271a85ce8f4d8.hdf5    batch_size:100  dev_size:0.05  dropout:0.5  epochs:42   label_smoothing:0.2  layer_sizes:[256,64]     learning_rate:0.001  learning_rate_decay:False    dev:0.9184259176254272   test:0.918624997138977
input_file:ftnn-otf-02ebccf01c63fa7af5c271a85ce8f4d8.hdf5    batch_size:100  dev_size:0.05  dropout:0.5  epochs:42   label_smoothing:0.2  layer_sizes:[1024]       learning_rate:0.001  learning_rate_decay:False    dev:0.9142592549324036   test:0.9148958325386047
input_file:ftnn-otf-02ebccf01c63fa7af5c271a85ce8f4d8.hdf5    batch_size:100  dev_size:0.05  dropout:0.5  epochs:42   label_smoothing:0.2  layer_sizes:[512,64]     learning_rate:0.001  learning_rate_decay:False    dev:0.9059259295463562   test:0.9036041498184204
input_file:ftnn-otf-02ebccf01c63fa7af5c271a85ce8f4d8.hdf5    batch_size:100  dev_size:0.05  dropout:0.5  epochs:42   label_smoothing:0.0  layer_sizes:[256,256]    learning_rate:0.001  learning_rate_decay:False    dev:0.8987963199615479   test:0.8991666436195374
input_file:ftnn-otf-02ebccf01c63fa7af5c271a85ce8f4d8.hdf5    batch_size:100  dev_size:0.05  dropout:0.0  epochs:42   label_smoothing:0.0  layer_sizes:[1024,1024]  learning_rate:0.001  learning_rate_decay:False    dev:0.8957407474517822   test:0.8976666927337646
input_file:ftnn-otf-02ebccf01c63fa7af5c271a85ce8f4d8.hdf5    batch_size:100  dev_size:0.05  dropout:0.5  epochs:42   label_smoothing:0.0  layer_sizes:[256]        learning_rate:0.001  learning_rate_decay:False    dev:0.8642592430114746   test:0.8641666769981384
input_file:ftnn-otf-02ebccf01c63fa7af5c271a85ce8f4d8.hdf5    batch_size:100  dev_size:0.05  dropout:0.5  epochs:42   label_smoothing:0.2  layer_sizes:[256,256]    learning_rate:0.001  learning_rate_decay:False    dev:0.8126851916313171   test:0.8132916688919067
input_file:ftnn-otf-02ebccf01c63fa7af5c271a85ce8f4d8.hdf5    batch_size:100  dev_size:0.05  dropout:0.0  epochs:42   label_smoothing:0.0  layer_sizes:[1024,64]    learning_rate:0.001  learning_rate_decay:False    dev:0.5932870507240295   test:0.5946249961853027
input_file:ftnn-otf-02ebccf01c63fa7af5c271a85ce8f4d8.hdf5    batch_size:100  dev_size:0.05  dropout:0.0  epochs:42   label_smoothing:0.2  layer_sizes:[512,64]     learning_rate:0.001  learning_rate_decay:False    dev:0.49856480956077576  test:0.5
